<?xml version="1.0" encoding="UTF-8"?>
<!-- Generated by org.testng.reporters.JUnitReportReporter -->
<testsuite skipped="0" hostname="LAPTOP-IRCA30E0" name="com.start.MavenSeleniumRevision.NewTest" tests="1" failures="0" timestamp="01 Jun 2021 02:40:31 GMT" time="14.418" errors="0">
  <testcase name="f" time="14.418" classname="com.start.MavenSeleniumRevision.NewTest"/>
</testsuite> <!-- com.start.MavenSeleniumRevision.NewTest -->
