<?xml version="1.0" encoding="UTF-8"?>
<!-- Generated by org.testng.reporters.JUnitReportReporter -->
<testsuite skipped="0" hostname="LAPTOP-IRCA30E0" name="com.start.MavenSeleniumRevision.DragAndDrop_TestNg" tests="1" failures="0" timestamp="02 Jun 2021 02:23:28 GMT" time="23.599" errors="0">
  <testcase name="f" time="23.599" classname="com.start.MavenSeleniumRevision.DragAndDrop_TestNg"/>
</testsuite> <!-- com.start.MavenSeleniumRevision.DragAndDrop_TestNg -->
