<?xml version="1.0" encoding="UTF-8"?>
<!-- Generated by org.testng.reporters.JUnitReportReporter -->
<testsuite skipped="0" hostname="LAPTOP-IRCA30E0" name="com.start.MavenSeleniumRevision.DragAndDrop_TestNg" tests="1" failures="0" timestamp="10 Jun 2021 03:41:11 GMT" time="13.866" errors="0">
  <testcase name="f" time="13.866" classname="com.start.MavenSeleniumRevision.DragAndDrop_TestNg"/>
</testsuite> <!-- com.start.MavenSeleniumRevision.DragAndDrop_TestNg -->
