<?xml version="1.0" encoding="UTF-8"?>
<!-- Generated by org.testng.reporters.JUnitReportReporter -->
<testsuite skipped="0" hostname="LAPTOP-IRCA30E0" name="com.start.MavenSeleniumRevision.Webtable_Example" tests="1" failures="0" timestamp="10 Jun 2021 04:31:58 GMT" time="41.872" errors="0">
  <testcase name="webtable" time="41.872" classname="com.start.MavenSeleniumRevision.Webtable_Example"/>
</testsuite> <!-- com.start.MavenSeleniumRevision.Webtable_Example -->
